[main] INFO  demopro  - URL is Launched
[main] INFO  demopro  - Window is maximized
[main] INFO  demopro  - Deleted cookies
[main] INFO  demopro  - User name provided
[main] INFO  demopro  - password provided
[main] INFO  demopro  - Clicked on login button
[main] INFO  demopro  - Providing customer details------->>>>>>
[main] INFO  demopro  - Verifying customer added or not
[main] INFO  demopro  - URL is Launched
[main] INFO  demopro  - Window is maximized
[main] INFO  demopro  - Deleted cookies
[main] INFO  demopro  - User name provided
[main] INFO  demopro  - password provided
[main] INFO  demopro  - Clicked on login button
[main] INFO  demopro  - Providing customer details------->>>>>>
[main] INFO  demopro  - Verifying customer added or not
[main] INFO  demopro  - URL is Launched
[main] INFO  demopro  - Window is maximized
[main] INFO  demopro  - Deleted cookies
[main] INFO  demopro  - User name provided
[main] INFO  demopro  - password provided
[main] INFO  demopro  - Clicked on login button
[main] INFO  demopro  - Providing customer details------->>>>>>
[main] INFO  demopro  - Verifying customer added or not
[main] INFO  demopro  - URL is Launched
[main] INFO  demopro  - Window is maximized
[main] INFO  demopro  - Deleted cookies
[main] INFO  demopro  - User name provided
[main] INFO  demopro  - password provided
[main] INFO  demopro  - Clicked on login button
[main] INFO  demopro  - Providing customer details------->>>>>>
[main] INFO  demopro  - Verifying customer added or not
[main] INFO  demopro  - URL is Launched
[main] INFO  demopro  - Window is maximized
[main] INFO  demopro  - Deleted cookies
[main] INFO  demopro  - User name provided
[main] INFO  demopro  - password provided
[main] INFO  demopro  - Clicked on login button
[main] INFO  demopro  - Providing customer details------->>>>>>
[main] INFO  demopro  - Verifying customer added or not
[main] INFO  demopro  - URL is Launched
[main] INFO  demopro  - Window is maximized
[main] INFO  demopro  - Deleted cookies
[main] INFO  demopro  - User name provided
[main] INFO  demopro  - password provided
[main] INFO  demopro  - Clicked on login button
[main] INFO  demopro  - Providing customer details------->>>>>>
[main] INFO  demopro  - Verifying customer added or not
[main] INFO  demopro  - URL is Launched
[main] INFO  demopro  - Window is maximized
[main] INFO  demopro  - Deleted cookies
[main] INFO  demopro  - User name provided
[main] INFO  demopro  - password provided
[main] INFO  demopro  - Clicked on login button
[main] INFO  demopro  - Providing customer details------->>>>>>
[main] INFO  demopro  - Verifying customer added or not
[main] INFO  demopro  - URL is Launched
[main] INFO  demopro  - Window is maximized
[main] INFO  demopro  - Deleted cookies
[main] INFO  demopro  - User name provided
[main] INFO  demopro  - password provided
[main] INFO  demopro  - Clicked on login button
[main] INFO  demopro  - Providing customer details------->>>>>>
[main] INFO  demopro  - Verifying customer added or not
[main] INFO  demopro  - URL is Launched
[main] INFO  demopro  - Window is maximized
[main] INFO  demopro  - Deleted cookies
[main] INFO  demopro  - User name provided
[main] INFO  demopro  - password provided
[main] INFO  demopro  - Clicked on login button
[main] INFO  demopro  - Providing customer details------->>>>>>
[main] INFO  demopro  - URL is Launched
[main] INFO  demopro  - Window is maximized
[main] INFO  demopro  - Deleted cookies
[main] INFO  demopro  - User name provided
[main] INFO  demopro  - password provided
[main] INFO  demopro  - Clicked on login button
[main] INFO  demopro  - Providing customer details------->>>>>>
[main] INFO  demopro  - Verifying customer added or not
[main] INFO  demopro  - URL is Launched
[main] INFO  demopro  - Window is maximized
[main] INFO  demopro  - Deleted cookies
[main] INFO  demopro  - User name provided
[main] INFO  demopro  - password provided
[main] INFO  demopro  - Clicked on login button
[main] INFO  demopro  - Providing customer details------->>>>>>
[main] INFO  demopro  - Verifying customer added or not
[main] INFO  demopro  - URL is Launched
[main] INFO  demopro  - Window is maximized
[main] INFO  demopro  - Deleted cookies
[main] INFO  demopro  - User name provided
[main] INFO  demopro  - password provided
[main] INFO  demopro  - Clicked on login button
[main] INFO  demopro  - Providing customer details------->>>>>>
[main] INFO  demopro  - Verifying customer added or not
[main] INFO  demopro  -  TC is Passed........
[main] INFO  demopro  - URL is Launched
[main] INFO  demopro  - Window is maximized
[main] INFO  demopro  - Deleted cookies
[main] INFO  demopro  - Username Entered
[main] INFO  demopro  - Password Entered
[main] INFO  demopro  - Clicked on login button
[main] INFO  demopro  - Login to application is failed
[main] INFO  demopro  - URL is Launched
[main] INFO  demopro  - Window is maximized
[main] INFO  demopro  - Deleted cookies
[main] INFO  demopro  - User name provided
[main] INFO  demopro  - Password provided
[main] INFO  demopro  - Clicked on Login button
[main] INFO  demopro  - Login Successful
[main] INFO  demopro  - Clicked on Logout button
[main] INFO  demopro  - Logged out Successfully
[main] INFO  demopro  - User name provided
[main] INFO  demopro  - Password provided
[main] INFO  demopro  - Clicked on Login button
[main] INFO  demopro  - Login to application is failed
[main] INFO  demopro  - User name provided
[main] INFO  demopro  - Password provided
[main] INFO  demopro  - Clicked on Login button
[main] INFO  demopro  - Login to application is failed
[main] INFO  demopro  - User name provided
[main] INFO  demopro  - Password provided
[main] INFO  demopro  - Clicked on Login button
[main] INFO  demopro  - Login Successful
[main] INFO  demopro  - Clicked on Logout button
[main] INFO  demopro  - Logged out Successfully
[main] INFO  demopro  - User name provided
[main] INFO  demopro  - Password provided
[main] INFO  demopro  - Clicked on Login button
[main] INFO  demopro  - Login to application is failed
[main] INFO  demopro  - URL is Launched
[main] INFO  demopro  - Window is maximized
[main] INFO  demopro  - Deleted cookies
[main] INFO  demopro  - User name provided
[main] INFO  demopro  - password provided
[main] INFO  demopro  - Clicked on login button
[main] INFO  demopro  - Providing customer details------->>>>>>
[main] INFO  demopro  - Verifying customer added or not
[main] INFO  demopro  - URL is Launched
[main] INFO  demopro  - Window is maximized
[main] INFO  demopro  - Deleted cookies
[main] INFO  demopro  - Username Entered
[main] INFO  demopro  - Password Entered
[main] INFO  demopro  - Clicked on login button
[main] INFO  demopro  - Login to application is failed
[main] INFO  demopro  - URL is Launched
[main] INFO  demopro  - Window is maximized
[main] INFO  demopro  - Deleted cookies
[main] INFO  demopro  - User name provided
[main] INFO  demopro  - Password provided
[main] INFO  demopro  - Clicked on Login button
[main] INFO  demopro  - Login Successful
[main] INFO  demopro  - Clicked on Logout button
[main] INFO  demopro  - Logged out Successfully
[main] INFO  demopro  - User name provided
[main] INFO  demopro  - Password provided
[main] INFO  demopro  - Clicked on Login button
[main] INFO  demopro  - Login to application is failed
[main] INFO  demopro  - User name provided
[main] INFO  demopro  - Password provided
[main] INFO  demopro  - Clicked on Login button
[main] INFO  demopro  - Login to application is failed
[main] INFO  demopro  - User name provided
[main] INFO  demopro  - Password provided
[main] INFO  demopro  - Clicked on Login button
[main] INFO  demopro  - Login Successful
[main] INFO  demopro  - Clicked on Logout button
[main] INFO  demopro  - Logged out Successfully
[main] INFO  demopro  - User name provided
[main] INFO  demopro  - Password provided
[main] INFO  demopro  - Clicked on Login button
[main] INFO  demopro  - Login to application is failed
[main] INFO  demopro  - URL is Launched
[main] INFO  demopro  - Window is maximized
[main] INFO  demopro  - Deleted cookies
[main] INFO  demopro  - User name provided
[main] INFO  demopro  - password provided
[main] INFO  demopro  - Clicked on login button
[main] INFO  demopro  - Providing customer details------->>>>>>
[main] INFO  demopro  - Verifying customer added or not
[main] INFO  demopro  -  TC is Passed........
[main] INFO  demopro  - URL is Launched
[main] INFO  demopro  - Window is maximized
[main] INFO  demopro  - Deleted cookies
[main] INFO  demopro  - Username Entered
[main] INFO  demopro  - Password Entered
[main] INFO  demopro  - Clicked on login button
[main] INFO  demopro  - Logged in Successfully
[main] INFO  demopro  - URL is Launched
[main] INFO  demopro  - Window is maximized
[main] INFO  demopro  - Deleted cookies
[main] INFO  demopro  - User name provided
[main] INFO  demopro  - Password provided
[main] INFO  demopro  - Clicked on Login button
[main] INFO  demopro  - Login Successful
[main] INFO  demopro  - Clicked on Logout button
[main] INFO  demopro  - Logged out Successfully
[main] INFO  demopro  - User name provided
[main] INFO  demopro  - Password provided
[main] INFO  demopro  - Clicked on Login button
[main] INFO  demopro  - Login to application is failed
[main] INFO  demopro  - User name provided
[main] INFO  demopro  - Password provided
[main] INFO  demopro  - Clicked on Login button
[main] INFO  demopro  - Login to application is failed
[main] INFO  demopro  - User name provided
[main] INFO  demopro  - Password provided
[main] INFO  demopro  - Clicked on Login button
[main] INFO  demopro  - Login Successful
[main] INFO  demopro  - Clicked on Logout button
[main] INFO  demopro  - Logged out Successfully
[main] INFO  demopro  - User name provided
[main] INFO  demopro  - Password provided
[main] INFO  demopro  - Clicked on Login button
[main] INFO  demopro  - Login to application is failed
[main] INFO  demopro  - URL is Launched
[main] INFO  demopro  - Window is maximized
[main] INFO  demopro  - Deleted cookies
[main] INFO  demopro  - User name provided
[main] INFO  demopro  - password provided
[main] INFO  demopro  - Clicked on login button
[main] INFO  demopro  - Providing customer details------->>>>>>
[main] INFO  demopro  - Verifying customer added or not
[main] INFO  demopro  -  TC is Passed........
[main] INFO  demopro  - URL is Launched
[main] INFO  demopro  - Window is maximized
[main] INFO  demopro  - Deleted cookies
[main] INFO  demopro  - Username Entered
[main] INFO  demopro  - Password Entered
[main] INFO  demopro  - Clicked on login button
[main] INFO  demopro  - Logged in Successfully
[main] INFO  demopro  - URL is Launched
[main] INFO  demopro  - Window is maximized
[main] INFO  demopro  - Deleted cookies
[main] INFO  demopro  - User name provided
[main] INFO  demopro  - Password provided
[main] INFO  demopro  - Clicked on Login button
[main] INFO  demopro  - Login Successful
[main] INFO  demopro  - Clicked on Logout button
[main] INFO  demopro  - Logged out Successfully
[main] INFO  demopro  - User name provided
[main] INFO  demopro  - Password provided
[main] INFO  demopro  - Clicked on Login button
[main] INFO  demopro  - Login to application is failed
[main] INFO  demopro  - User name provided
[main] INFO  demopro  - Password provided
[main] INFO  demopro  - Clicked on Login button
[main] INFO  demopro  - Login to application is failed
[main] INFO  demopro  - User name provided
[main] INFO  demopro  - Password provided
[main] INFO  demopro  - Clicked on Login button
[main] INFO  demopro  - Login Successful
[main] INFO  demopro  - Clicked on Logout button
[main] INFO  demopro  - Logged out Successfully
[main] INFO  demopro  - User name provided
[main] INFO  demopro  - Password provided
[main] INFO  demopro  - Clicked on Login button
[main] INFO  demopro  - Login to application is failed
[main] INFO  demopro  - URL is Launched
[main] INFO  demopro  - Window is maximized
[main] INFO  demopro  - Deleted cookies
[main] INFO  demopro  - User name provided
[main] INFO  demopro  - password provided
[main] INFO  demopro  - Clicked on login button
[main] INFO  demopro  - Providing customer details------->>>>>>
[main] INFO  demopro  - Verifying customer added or not
[main] INFO  demopro  -  TC is Passed........
[main] INFO  demopro  - URL is Launched
[main] INFO  demopro  - Window is maximized
[main] INFO  demopro  - Deleted cookies
[main] INFO  demopro  - Username Entered
[main] INFO  demopro  - Password Entered
[main] INFO  demopro  - Clicked on login button
[main] INFO  demopro  - Logged in Successfully
[main] INFO  demopro  - URL is Launched
[main] INFO  demopro  - Window is maximized
[main] INFO  demopro  - Deleted cookies
[main] INFO  demopro  - User name provided
[main] INFO  demopro  - Password provided
[main] INFO  demopro  - Clicked on Login button
[main] INFO  demopro  - Login Successful
[main] INFO  demopro  - Clicked on Logout button
[main] INFO  demopro  - Logged out Successfully
[main] INFO  demopro  - User name provided
[main] INFO  demopro  - Password provided
[main] INFO  demopro  - Clicked on Login button
[main] INFO  demopro  - Login to application is failed
[main] INFO  demopro  - User name provided
[main] INFO  demopro  - Password provided
[main] INFO  demopro  - Clicked on Login button
[main] INFO  demopro  - Login to application is failed
[main] INFO  demopro  - User name provided
[main] INFO  demopro  - Password provided
[main] INFO  demopro  - Clicked on Login button
[main] INFO  demopro  - Login Successful
[main] INFO  demopro  - Clicked on Logout button
[main] INFO  demopro  - Logged out Successfully
[main] INFO  demopro  - User name provided
[main] INFO  demopro  - Password provided
[main] INFO  demopro  - Clicked on Login button
[main] INFO  demopro  - Login to application is failed
[main] INFO  demopro  - URL is Launched
[main] INFO  demopro  - Window is maximized
[main] INFO  demopro  - Deleted cookies
[main] INFO  demopro  - User name provided
[main] INFO  demopro  - password provided
[main] INFO  demopro  - Clicked on login button
[main] INFO  demopro  - Providing customer details------->>>>>>
[main] INFO  demopro  - Verifying customer added or not
[main] INFO  demopro  -  TC is Passed........
[main] INFO  demopro  - URL is Launched
[main] INFO  demopro  - Window is maximized
[main] INFO  demopro  - Deleted cookies
[main] INFO  demopro  - Username Entered
[main] INFO  demopro  - Password Entered
[main] INFO  demopro  - Clicked on login button
[main] INFO  demopro  - Logged in Successfully
[main] INFO  demopro  - URL is Launched
[main] INFO  demopro  - Window is maximized
[main] INFO  demopro  - Deleted cookies
[main] INFO  demopro  - User name provided
[main] INFO  demopro  - Password provided
[main] INFO  demopro  - Clicked on Login button
[main] INFO  demopro  - Login Successful
[main] INFO  demopro  - Clicked on Logout button
[main] INFO  demopro  - Logged out Successfully
[main] INFO  demopro  - User name provided
[main] INFO  demopro  - Password provided
[main] INFO  demopro  - Clicked on Login button
[main] INFO  demopro  - Login to application is failed
[main] INFO  demopro  - User name provided
[main] INFO  demopro  - Password provided
[main] INFO  demopro  - Clicked on Login button
[main] INFO  demopro  - Login to application is failed
[main] INFO  demopro  - User name provided
[main] INFO  demopro  - Password provided
[main] INFO  demopro  - Clicked on Login button
[main] INFO  demopro  - Login Successful
[main] INFO  demopro  - Clicked on Logout button
[main] INFO  demopro  - Logged out Successfully
[main] INFO  demopro  - User name provided
[main] INFO  demopro  - Password provided
[main] INFO  demopro  - Clicked on Login button
[main] INFO  demopro  - Login to application is failed
[main] INFO  demopro  - URL is Launched
[main] INFO  demopro  - Window is maximized
[main] INFO  demopro  - Deleted cookies
[main] INFO  demopro  - User name provided
[main] INFO  demopro  - password provided
[main] INFO  demopro  - Clicked on login button
[main] INFO  demopro  - Providing customer details------->>>>>>
[main] INFO  demopro  - Verifying customer added or not
[main] INFO  demopro  -  TC is Passed........
[main] INFO  demopro  - URL is Launched
[main] INFO  demopro  - Window is maximized
[main] INFO  demopro  - Deleted cookies
[main] INFO  demopro  - Username Entered
[main] INFO  demopro  - Password Entered
[main] INFO  demopro  - Clicked on login button
[main] INFO  demopro  - Logged in Successfully
[main] INFO  demopro  - URL is Launched
[main] INFO  demopro  - Window is maximized
[main] INFO  demopro  - Deleted cookies
[main] INFO  demopro  - User name provided
[main] INFO  demopro  - Password provided
[main] INFO  demopro  - Clicked on Login button
[main] INFO  demopro  - Login Successful
[main] INFO  demopro  - Clicked on Logout button
[main] INFO  demopro  - Logged out Successfully
[main] INFO  demopro  - User name provided
[main] INFO  demopro  - Password provided
[main] INFO  demopro  - Clicked on Login button
[main] INFO  demopro  - Login to application is failed
[main] INFO  demopro  - User name provided
[main] INFO  demopro  - Password provided
[main] INFO  demopro  - Clicked on Login button
[main] INFO  demopro  - Login to application is failed
[main] INFO  demopro  - User name provided
[main] INFO  demopro  - Password provided
[main] INFO  demopro  - Clicked on Login button
[main] INFO  demopro  - Login Successful
[main] INFO  demopro  - Clicked on Logout button
[main] INFO  demopro  - Logged out Successfully
[main] INFO  demopro  - User name provided
[main] INFO  demopro  - Password provided
[main] INFO  demopro  - Clicked on Login button
[main] INFO  demopro  - Login to application is failed
[main] INFO  demopro  - URL is Launched
[main] INFO  demopro  - Window is maximized
[main] INFO  demopro  - Deleted cookies
[main] INFO  demopro  - User name provided
[main] INFO  demopro  - password provided
[main] INFO  demopro  - Clicked on login button
[main] INFO  demopro  - Providing customer details------->>>>>>
[main] INFO  demopro  - Verifying customer added or not
[main] INFO  demopro  - URL is Launched
[main] INFO  demopro  - Window is maximized
[main] INFO  demopro  - Deleted cookies
[main] INFO  demopro  - Username Entered
[main] INFO  demopro  - Password Entered
[main] INFO  demopro  - Clicked on login button
[main] INFO  demopro  - Logged in Successfully
[main] INFO  demopro  - URL is Launched
[main] INFO  demopro  - Window is maximized
[main] INFO  demopro  - Deleted cookies
[main] INFO  demopro  - User name provided
[main] INFO  demopro  - Password provided
[main] INFO  demopro  - Clicked on Login button
[main] INFO  demopro  - Login Successful
[main] INFO  demopro  - Clicked on Logout button
[main] INFO  demopro  - Logged out Successfully
[main] INFO  demopro  - User name provided
[main] INFO  demopro  - Password provided
[main] INFO  demopro  - Clicked on Login button
[main] INFO  demopro  - Login to application is failed
[main] INFO  demopro  - User name provided
[main] INFO  demopro  - Password provided
[main] INFO  demopro  - Clicked on Login button
[main] INFO  demopro  - Login to application is failed
[main] INFO  demopro  - User name provided
[main] INFO  demopro  - Password provided
[main] INFO  demopro  - Clicked on Login button
[main] INFO  demopro  - Login Successful
[main] INFO  demopro  - Clicked on Logout button
[main] INFO  demopro  - Logged out Successfully
[main] INFO  demopro  - User name provided
[main] INFO  demopro  - Password provided
[main] INFO  demopro  - Clicked on Login button
[main] INFO  demopro  - Login to application is failed
[main] INFO  demopro  - URL is Launched
[main] INFO  demopro  - Window is maximized
[main] INFO  demopro  - Deleted cookies
[main] INFO  demopro  - User name provided
[main] INFO  demopro  - password provided
[main] INFO  demopro  - Clicked on login button
[main] INFO  demopro  - Providing customer details------->>>>>>
[main] INFO  demopro  - Verifying customer added or not
[main] INFO  demopro  -  TC is Passed........
[main] INFO  demopro  - URL is Launched
[main] INFO  demopro  - Window is maximized
[main] INFO  demopro  - Deleted cookies
[main] INFO  demopro  - Username Entered
[main] INFO  demopro  - Password Entered
[main] INFO  demopro  - Clicked on login button
[main] INFO  demopro  - Logged in Successfully
[main] INFO  demopro  - URL is Launched
[main] INFO  demopro  - Window is maximized
[main] INFO  demopro  - Deleted cookies
[main] INFO  demopro  - User name provided
[main] INFO  demopro  - Password provided
[main] INFO  demopro  - Clicked on Login button
[main] INFO  demopro  - Login Successful
[main] INFO  demopro  - Clicked on Logout button
[main] INFO  demopro  - Logged out Successfully
[main] INFO  demopro  - User name provided
[main] INFO  demopro  - Password provided
[main] INFO  demopro  - Clicked on Login button
[main] INFO  demopro  - Login to application is failed
[main] INFO  demopro  - User name provided
[main] INFO  demopro  - Password provided
[main] INFO  demopro  - Clicked on Login button
[main] INFO  demopro  - Login to application is failed
[main] INFO  demopro  - User name provided
[main] INFO  demopro  - Password provided
[main] INFO  demopro  - Clicked on Login button
[main] INFO  demopro  - Login Successful
[main] INFO  demopro  - Clicked on Logout button
[main] INFO  demopro  - Logged out Successfully
[main] INFO  demopro  - User name provided
[main] INFO  demopro  - Password provided
[main] INFO  demopro  - Clicked on Login button
[main] INFO  demopro  - Login to application is failed
[main] INFO  demopro  - URL is Launched
[main] INFO  demopro  - Window is maximized
[main] INFO  demopro  - Deleted cookies
[main] INFO  demopro  - User name provided
[main] INFO  demopro  - password provided
[main] INFO  demopro  - Clicked on login button
[main] INFO  demopro  - Providing customer details------->>>>>>
[main] INFO  demopro  - Verifying customer added or not
[main] INFO  demopro  -  TC is Passed........
[main] INFO  demopro  - URL is Launched
[main] INFO  demopro  - Window is maximized
[main] INFO  demopro  - Deleted cookies
[main] INFO  demopro  - Username Entered
[main] INFO  demopro  - Password Entered
[main] INFO  demopro  - Clicked on login button
[main] INFO  demopro  - Logged in Successfully
[main] INFO  demopro  - URL is Launched
[main] INFO  demopro  - Window is maximized
[main] INFO  demopro  - Deleted cookies
[main] INFO  demopro  - User name provided
[main] INFO  demopro  - Password provided
[main] INFO  demopro  - Clicked on Login button
[main] INFO  demopro  - Login Successful
[main] INFO  demopro  - Clicked on Logout button
[main] INFO  demopro  - Logged out Successfully
[main] INFO  demopro  - User name provided
[main] INFO  demopro  - Password provided
[main] INFO  demopro  - Clicked on Login button
[main] INFO  demopro  - Login to application is failed
[main] INFO  demopro  - User name provided
[main] INFO  demopro  - Password provided
[main] INFO  demopro  - Clicked on Login button
[main] INFO  demopro  - Login to application is failed
[main] INFO  demopro  - User name provided
[main] INFO  demopro  - Password provided
[main] INFO  demopro  - Clicked on Login button
[main] INFO  demopro  - Login Successful
[main] INFO  demopro  - Clicked on Logout button
[main] INFO  demopro  - Logged out Successfully
[main] INFO  demopro  - User name provided
[main] INFO  demopro  - Password provided
[main] INFO  demopro  - Clicked on Login button
[main] INFO  demopro  - Login to application is failed
[main] INFO  demopro  - URL is Launched
[main] INFO  demopro  - Window is maximized
[main] INFO  demopro  - Deleted cookies
[main] INFO  demopro  - User name provided
[main] INFO  demopro  - password provided
[main] INFO  demopro  - Clicked on login button
[main] INFO  demopro  - Providing customer details------->>>>>>
[main] INFO  demopro  - Verifying customer added or not
[main] INFO  demopro  -  TC is Passed........
[main] INFO  demopro  - URL is Launched
[main] INFO  demopro  - Window is maximized
[main] INFO  demopro  - Deleted cookies
[main] INFO  demopro  - Username Entered
[main] INFO  demopro  - Password Entered
[main] INFO  demopro  - Clicked on login button
[main] INFO  demopro  - Logged in Successfully
[main] INFO  demopro  - URL is Launched
[main] INFO  demopro  - Window is maximized
[main] INFO  demopro  - Deleted cookies
[main] INFO  demopro  - User name provided
[main] INFO  demopro  - Password provided
[main] INFO  demopro  - Clicked on Login button
[main] INFO  demopro  - Login Successful
[main] INFO  demopro  - Clicked on Logout button
[main] INFO  demopro  - Logged out Successfully
[main] INFO  demopro  - User name provided
[main] INFO  demopro  - Password provided
[main] INFO  demopro  - Clicked on Login button
[main] INFO  demopro  - Login to application is failed
[main] INFO  demopro  - User name provided
[main] INFO  demopro  - Password provided
[main] INFO  demopro  - Clicked on Login button
[main] INFO  demopro  - Login to application is failed
[main] INFO  demopro  - User name provided
[main] INFO  demopro  - Password provided
[main] INFO  demopro  - Clicked on Login button
[main] INFO  demopro  - Login Successful
[main] INFO  demopro  - Clicked on Logout button
[main] INFO  demopro  - Logged out Successfully
[main] INFO  demopro  - User name provided
[main] INFO  demopro  - Password provided
[main] INFO  demopro  - Clicked on Login button
[main] INFO  demopro  - Login to application is failed
[main] INFO  demopro  - URL is Launched
[main] INFO  demopro  - Window is maximized
[main] INFO  demopro  - Deleted cookies
[main] INFO  demopro  - User name provided
[main] INFO  demopro  - password provided
[main] INFO  demopro  - Clicked on login button
[main] INFO  demopro  - Providing customer details------->>>>>>
[main] INFO  demopro  - Verifying customer added or not
[main] INFO  demopro  -  TC is Passed........
